<?xml version="1.0" encoding="UTF-8"?>
<testng-results total="1" passed="1" failed="0" skipped="0">
  <reporter-output>
  </reporter-output>
  <suite started-at="2023-02-27T14:24:13Z" name="Default suite" finished-at="2023-02-27T14:25:27Z" duration-ms="74481">
    <groups>
    </groups>
    <test started-at="2023-02-27T14:24:13Z" name="Default test" finished-at="2023-02-27T14:25:27Z" duration-ms="74481">
      <class name="WikiTest">
        <test-method is-config="true" signature="setUpSuite()[pri:0, instance:WikiTest@4da602fc]" started-at="2023-02-27T19:54:12Z" name="setUpSuite" finished-at="2023-02-27T19:54:13Z" duration-ms="685" status="PASS">
          <reporter-output>
          </reporter-output>
        </test-method> <!-- setUpSuite -->
        <test-method signature="wikiTest()[pri:0, instance:WikiTest@4da602fc]" started-at="2023-02-27T19:54:13Z" name="wikiTest" finished-at="2023-02-27T19:55:27Z" duration-ms="74383" status="PASS">
          <reporter-output>
          </reporter-output>
        </test-method> <!-- wikiTest -->
      </class> <!-- WikiTest -->
    </test> <!-- Default test -->
  </suite> <!-- Default suite -->
</testng-results>
